 
****************************************
Report : constraint
        -all_violators
Design : uart_top_opt2
Version: W-2024.09-SP5-4
Date   : Tue Jun  2 20:06:33 2026
****************************************


   max_transition

                             Required        Actual
   Net                      Transition     Transition        Slack
   -----------------------------------------------------------------
   dbg/n5                       0.24           0.43          -0.19  (VIOLATED)
       PIN :   dbg/U2/Y         0.24           0.43          -0.19  (VIOLATED)
   regs/receiver/n252           1.02           1.18          -0.16  (VIOLATED)
       PIN :   regs/receiver/U243/A1
                                1.02           1.18          -0.16  (VIOLATED)
       PIN :   regs/receiver/U143/A2
                                1.02           1.18          -0.16  (VIOLATED)
       PIN :   regs/receiver/U277/S0
                                1.02           1.18          -0.16  (VIOLATED)

   -----------------------------------------------------------------
   Total                      2                  -0.35  

   max_capacitance

                             Required        Actual
   Net                      Capacitance    Capacitance       Slack
   -----------------------------------------------------------------
   dbg/n5                       8.00          23.51         -15.51  (VIOLATED)

   -----------------------------------------------------------------
   Total                      1                 -15.51  

1
