Information: Propagating switching activity (high effort zero delay simulation). (PWR-6)
Warning: Design has unannotated primary inputs. (PWR-414)
Warning: Design has unannotated sequential cell outputs. (PWR-415)
Warning: Design has unannotated black box outputs. (PWR-428)
 
****************************************
Report : power
        -hier
        -analysis_effort high
Design : uart_top_opt2
Version: W-2024.09-SP5-4
Date   : Tue Jun  2 20:06:32 2026
****************************************


Library(s) Used:

    saed32lvt_ss0p75v125c (File: /usr/local/synopsys/pdk/SAED32_EDK/lib/stdcell_lvt/db_nldm/saed32lvt_ss0p75v125c.db)
    saed32hvt_ss0p75v125c (File: /usr/local/synopsys/pdk/SAED32_EDK/lib/stdcell_hvt/db_nldm/saed32hvt_ss0p75v125c.db)
    saed32rvt_ss0p75v125c (File: /usr/local/synopsys/pdk/SAED32_EDK/lib/stdcell_rvt/db_nldm/saed32rvt_ss0p75v125c.db)


Operating Conditions: ss0p75v125c   Library: saed32rvt_ss0p75v125c
Wire Load Model Mode: enclosed

Design        Wire Load Model            Library
------------------------------------------------
uart_top_opt2          8000              saed32rvt_ss0p75v125c
uart_wb                8000              saed32rvt_ss0p75v125c
uart_regs_opt2         8000              saed32rvt_ss0p75v125c
uart_debug_if          ForQA             saed32rvt_ss0p75v125c
uart_transmitter_opt2  8000              saed32rvt_ss0p75v125c
uart_sync_flops_1_1    ForQA             saed32rvt_ss0p75v125c
uart_receiver_opt2     8000              saed32rvt_ss0p75v125c


Global Operating Voltage = 0.75 
Power-specific unit information :
    Voltage Units = 1V
    Capacitance Units = 1.000000ff
    Time Units = 1ns
    Dynamic Power Units = 1uW    (derived from V,C,T units)
    Leakage Power Units = 1pW


--------------------------------------------------------------------------------
                                       Switch   Int      Leak     Total
Hierarchy                              Power    Power    Power    Power    %
--------------------------------------------------------------------------------
uart_top_opt2                             9.906   86.282 4.53e+07  141.476 100.0
  dbg (uart_debug_if)                  7.54e-02 8.11e-02 7.81e+05    0.937   0.7
  regs (uart_regs_opt2)                   9.278   62.367 3.50e+07  106.612  75.4
    receiver (uart_receiver_opt2)         3.899   16.770 1.10e+07   31.665  22.4
    i_uart_sync_flops (uart_sync_flops_1_1)
                                       1.18e-02    0.629 3.28e+04    0.673   0.5
    transmitter (uart_transmitter_opt2)
                                          3.739    6.804 2.90e+06   13.441   9.5
  wb_interface (uart_wb)                  0.553   23.833 9.54e+06   33.927  24.0
1
