 
****************************************
Report : qor
Design : uart_top_opt2
Version: W-2024.09-SP5-4
Date   : Tue Jun  2 20:06:33 2026
****************************************


  Timing Path Group 'wb_clk'
  -----------------------------------
  Levels of Logic:              11.00
  Critical Path Length:          7.06
  Critical Path Slack:           0.02
  Critical Path Clk Period:      9.02
  Total Negative Slack:          0.00
  No. of Violating Paths:        0.00
  Worst Hold Violation:          0.00
  Total Hold Violation:          0.00
  No. of Hold Violations:        0.00
  -----------------------------------


  Cell Count
  -----------------------------------
  Hierarchical Cell Count:          6
  Hierarchical Port Count:        402
  Leaf Cell Count:               1297
  Buf/Inv Cell Count:             186
  Buf Cell Count:                   7
  Inv Cell Count:                 179
  CT Buf/Inv Cell Count:            0
  Combinational Cell Count:      1024
  Sequential Cell Count:          273
  Macro Count:                      0
  -----------------------------------


  Area
  -----------------------------------
  Combinational Area:     2369.130398
  Noncombinational Area:  1948.776225
  Buf/Inv Area:            250.077697
  Total Buffer Area:            18.55
  Total Inverter Area:         231.53
  Macro/Black Box Area:      0.000000
  Net Area:                920.514579
  -----------------------------------
  Cell Area:              4317.906623
  Design Area:            5238.421202


  Design Rules
  -----------------------------------
  Total Number of Nets:          1484
  Nets With Violations:             2
  Max Trans Violations:             2
  Max Cap Violations:               1
  -----------------------------------


  Hostname: bender.engr.ucr.edu

  Compile CPU Statistics
  -----------------------------------------
  Resource Sharing:                    0.00
  Logic Optimization:                  0.28
  Mapping Optimization:                9.76
  -----------------------------------------
  Overall Compile Time:               21.94
  Overall Compile Wall Clock Time:    22.49

  --------------------------------------------------------------------

  Design  WNS: 0.00  TNS: 0.00  Number of Violating Paths: 0


  Design (Hold)  WNS: 0.00  TNS: 0.00  Number of Violating Paths: 0

  --------------------------------------------------------------------


1
