 
****************************************
Report : area
Design : uart_top_clkgate
Version: W-2024.09-SP5-4
Date   : Tue Jun  2 19:55:11 2026
****************************************

Library(s) Used:

    saed32hvt_ss0p75v125c (File: /usr/local/synopsys/pdk/SAED32_EDK/lib/stdcell_hvt/db_nldm/saed32hvt_ss0p75v125c.db)
    saed32rvt_ss0p75v125c (File: /usr/local/synopsys/pdk/SAED32_EDK/lib/stdcell_rvt/db_nldm/saed32rvt_ss0p75v125c.db)
    saed32lvt_ss0p75v125c (File: /usr/local/synopsys/pdk/SAED32_EDK/lib/stdcell_lvt/db_nldm/saed32lvt_ss0p75v125c.db)

Number of ports:                          605
Number of nets:                          3602
Number of cells:                         2695
Number of combinational cells:           2017
Number of sequential cells:               604
Number of macros/black boxes:               0
Number of buf/inv:                        297
Number of references:                       3

Combinational area:               4898.879801
Buf/Inv area:                      402.564098
Noncombinational area:            4217.773914
Macro/Black Box area:                0.000000
Net Interconnect area:            2046.819504

Total cell area:                  9116.653715
Total area:                      11163.473219

Hierarchical area distribution
------------------------------

                                  Global cell area          Local cell area
                                  ------------------  ---------------------------- 
Hierarchical cell                 Absolute   Percent  Combi-     Noncombi-  Black-
                                  Total      Total    national   national   boxes   Design
--------------------------------  ---------  -------  ---------  ---------  ------  -----------------------------------------
uart_top_clkgate                  9116.6537    100.0     0.0000     0.0000  0.0000  uart_top_clkgate
dbg                                 91.2377      1.0    91.2377     0.0000  0.0000  uart_debug_if
regs                              8205.5475     90.0  1086.7198   844.2664  0.0000  uart_regs_clkgate
regs/i_uart_sync_flops              16.0111      0.2     1.2707    14.7404  0.0000  uart_sync_flops_1_1
regs/receiver                     3896.5359     42.7   676.7855   385.7906  0.0000  uart_receiver
regs/receiver/fifo_rx             2833.9598     31.1   599.0174   443.2271  0.0000  uart_rfifo_fifo_width11
regs/receiver/fifo_rx/rfifo       1791.7152     19.7   924.0676   867.6476  0.0000  raminfr_addr_width4_data_width8_depth16_0
regs/transmitter                  2362.0144     25.9   263.5473   157.0610  0.0000  uart_transmitter_clkgate
regs/transmitter/fifo_tx          1941.4061     21.3   131.3924    92.5084  0.0000  uart_tfifo
regs/transmitter/fifo_tx/tfifo    1717.5052     18.8   855.4487   862.0565  0.0000  raminfr_addr_width4_data_width8_depth16_1
wb_interface                       819.8686      9.0   269.3926   550.4759  0.0000  uart_wb
--------------------------------  ---------  -------  ---------  ---------  ------  -----------------------------------------
Total                                                 4898.8798  4217.7739  0.0000

1
