 
****************************************
Report : qor
Design : uart_top_clkgate
Version: W-2024.09-SP5-4
Date   : Tue Jun  2 19:55:12 2026
****************************************


  Timing Path Group 'wb_clk'
  -----------------------------------
  Levels of Logic:               9.00
  Critical Path Length:          7.64
  Critical Path Slack:           0.00
  Critical Path Clk Period:      9.02
  Total Negative Slack:          0.00
  No. of Violating Paths:        0.00
  Worst Hold Violation:          0.00
  Total Hold Violation:          0.00
  No. of Hold Violations:        0.00
  -----------------------------------


  Cell Count
  -----------------------------------
  Hierarchical Cell Count:         10
  Hierarchical Port Count:        517
  Leaf Cell Count:               2621
  Buf/Inv Cell Count:             297
  Buf Cell Count:                  21
  Inv Cell Count:                 276
  CT Buf/Inv Cell Count:            0
  Combinational Cell Count:      2017
  Sequential Cell Count:          604
  Macro Count:                      0
  -----------------------------------


  Area
  -----------------------------------
  Combinational Area:     4898.879801
  Noncombinational Area:  4217.773914
  Buf/Inv Area:            402.564098
  Total Buffer Area:            46.25
  Total Inverter Area:         356.31
  Macro/Black Box Area:      0.000000
  Net Area:               2046.819504
  -----------------------------------
  Cell Area:              9116.653715
  Design Area:           11163.473219


  Design Rules
  -----------------------------------
  Total Number of Nets:          3095
  Nets With Violations:             3
  Max Trans Violations:             2
  Max Cap Violations:               2
  -----------------------------------


  Hostname: bender.engr.ucr.edu

  Compile CPU Statistics
  -----------------------------------------
  Resource Sharing:                    0.00
  Logic Optimization:                  0.50
  Mapping Optimization:               12.07
  -----------------------------------------
  Overall Compile Time:               25.03
  Overall Compile Wall Clock Time:    25.54

  --------------------------------------------------------------------

  Design  WNS: 0.00  TNS: 0.00  Number of Violating Paths: 0


  Design (Hold)  WNS: 0.00  TNS: 0.00  Number of Violating Paths: 0

  --------------------------------------------------------------------


1
