****************************************
Report : Averaged Power
	-nosplit
Design : uart_top
Version: V-2023.12-SP5-4
Date   : Tue May  5 20:12:42 2026
****************************************



  Attributes
  ----------
      i  -  Including register clock pin internal power
      u  -  User defined power group

                        Internal  Switching  Leakage    Total
Power Group             Power     Power      Power      Power   (     %)  Attrs
--------------------------------------------------------------------------------
clock_network           9.096e-05    0.0000    0.0000 9.096e-05 (50.48%)  i
register                1.037e-07 1.721e-07 3.849e-05 3.876e-05 (21.52%)  
combinational           1.457e-06 8.281e-07 4.817e-05 5.045e-05 (28.00%)  
sequential                 0.0000    0.0000    0.0000    0.0000 ( 0.00%)  
memory                     0.0000    0.0000    0.0000    0.0000 ( 0.00%)  
io_pad                     0.0000    0.0000    0.0000    0.0000 ( 0.00%)  
black_box                  0.0000    0.0000    0.0000    0.0000 ( 0.00%)  

  Net Switching Power  = 1.000e-06   ( 0.56%)
  Cell Internal Power  = 9.252e-05   (51.35%)
  Cell Leakage Power   = 8.665e-05   (48.10%)
                         ---------
Total Power            = 1.802e-04  (100.00%)

1
