****************************************
Report : Averaged Power
	-hierarchy
Design : uart_top_opt2
Version: V-2023.12-SP5-4
Date   : Wed Jun  3 01:25:48 2026
****************************************



                                      Int      Switch   Leak     Total
Hierarchy                             Power    Power    Power    Power    %
----------------------------------------------------------------------------------
uart_top_opt2                         4.34e-05 9.78e-07 5.16e-05 9.60e-05 100.0
  dbg (uart_debug_if)                 3.26e-11    0.000 7.56e-07 7.56e-07   0.8
  regs (uart_regs_opt2)               3.16e-05 7.99e-07 4.04e-05 7.27e-05  75.8
    receiver (uart_receiver_opt2)     8.72e-06 1.97e-07 1.24e-05 2.13e-05  22.2
    i_uart_sync_flops (uart_sync_flops_1_1)
                                      3.09e-07 6.03e-12 3.29e-08 3.42e-07   0.4
    transmitter (uart_transmitter_opt2)
                                      3.52e-06 8.71e-08 4.40e-06 8.01e-06   8.3
  wb_interface (uart_wb)              1.19e-05 1.78e-07 1.04e-05 2.25e-05  23.5
1
